Test starts: testTranslationToOtherLangs[7](tests.TestTranslationToLangs)
Test finished: testTranslationToOtherLangs[7](tests.TestTranslationToLangs)
--------------------------------------
Test finished: testTranslationToOtherLangs[7](tests.TestTranslationToLangs)
--------------------------------------
Test finished: testTranslationToOtherLangs[7](tests.TestTranslationToLangs)
--------------------------------------
Test finished: testTranslationToOtherLangs[7](tests.TestTranslationToLangs)
--------------------------------------
Test finished: testTranslationToOtherLangs[7](tests.TestTranslationToLangs)
--------------------------------------
Test finished: testTranslationToOtherLangs[7](tests.TestTranslationToLangs)
--------------------------------------
Test finished: testTranslationToOtherLangs[7](tests.TestTranslationToLangs)
--------------------------------------
Test finished: testTranslationToOtherLangs[7](tests.TestTranslationToLangs)
--------------------------------------
Test finished: testTranslationToOtherLangs[7](tests.TestTranslationToLangs)
--------------------------------------
Test finished: testTranslationToOtherLangs[7](tests.TestTranslationToLangs)
--------------------------------------
Test finished: testTranslationToOtherLangs[7](tests.TestTranslationToLangs)
--------------------------------------
Test finished: testTranslationToOtherLangs[7](tests.TestTranslationToLangs)
--------------------------------------
Test finished: testTranslationToOtherLangs[7](tests.TestTranslationToLangs)
--------------------------------------
Test starts: testTranslationToRus[0](tests.TestTranslationToRus)
Test starts: testTranslationToRus[0](tests.TestTranslationToRus)
Test starts: testTranslationToRus[0](tests.TestTranslationToRus)
Test starts: testTranslationToRus[0](tests.TestTranslationToRus)
Test starts: testTranslationToRus[0](tests.TestTranslationToRus)
Test starts: testTranslationToRus[0](tests.TestTranslationToRus)
Test starts: testTranslationToRus[0](tests.TestTranslationToRus)
Test starts: testTranslationToRus[0](tests.TestTranslationToRus)
Test starts: testTranslationToRus[0](tests.TestTranslationToRus)
Test starts: testTranslationToRus[0](tests.TestTranslationToRus)
Test starts: testTranslationToRus[0](tests.TestTranslationToRus)
Test starts: testTranslationToRus[0](tests.TestTranslationToRus)
Test starts: testTranslationToRus[0](tests.TestTranslationToRus)
Test starts: testTranslationToRus[0](tests.TestTranslationToRus)
Test finished: testTranslationToRus[0](tests.TestTranslationToRus)
--------------------------------------
Test finished: testTranslationToRus[0](tests.TestTranslationToRus)
--------------------------------------
Test finished: testTranslationToRus[0](tests.TestTranslationToRus)
--------------------------------------
Test finished: testTranslationToRus[0](tests.TestTranslationToRus)
--------------------------------------
Test finished: testTranslationToRus[0](tests.TestTranslationToRus)
--------------------------------------
Test finished: testTranslationToRus[0](tests.TestTranslationToRus)
--------------------------------------
Test finished: testTranslationToRus[0](tests.TestTranslationToRus)
--------------------------------------
Test finished: testTranslationToRus[0](tests.TestTranslationToRus)
--------------------------------------
Test finished: testTranslationToRus[0](tests.TestTranslationToRus)
--------------------------------------
Test finished: testTranslationToRus[0](tests.TestTranslationToRus)
--------------------------------------
Test finished: testTranslationToRus[0](tests.TestTranslationToRus)
--------------------------------------
Test finished: testTranslationToRus[0](tests.TestTranslationToRus)
--------------------------------------
Test finished: testTranslationToRus[0](tests.TestTranslationToRus)
--------------------------------------
Test finished: testTranslationToRus[0](tests.TestTranslationToRus)
--------------------------------------
Test starts: testTranslationToRus[1](tests.TestTranslationToRus)
Test starts: testTranslationToRus[1](tests.TestTranslationToRus)
Test starts: testTranslationToRus[1](tests.TestTranslationToRus)
Test starts: testTranslationToRus[1](tests.TestTranslationToRus)
Test starts: testTranslationToRus[1](tests.TestTranslationToRus)
Test starts: testTranslationToRus[1](tests.TestTranslationToRus)
Test starts: testTranslationToRus[1](tests.TestTranslationToRus)
Test starts: testTranslationToRus[1](tests.TestTranslationToRus)
Test starts: testTranslationToRus[1](tests.TestTranslationToRus)
Test starts: testTranslationToRus[1](tests.TestTranslationToRus)
Test starts: testTranslationToRus[1](tests.TestTranslationToRus)
Test starts: testTranslationToRus[1](tests.TestTranslationToRus)
Test starts: testTranslationToRus[1](tests.TestTranslationToRus)
Test starts: testTranslationToRus[1](tests.TestTranslationToRus)
Test starts: testTranslationToRus[1](tests.TestTranslationToRus)
Test finished: testTranslationToRus[1](tests.TestTranslationToRus)
--------------------------------------
Test finished: testTranslationToRus[1](tests.TestTranslationToRus)
--------------------------------------
Test finished: testTranslationToRus[1](tests.TestTranslationToRus)
--------------------------------------
Test finished: testTranslationToRus[1](tests.TestTranslationToRus)
--------------------------------------
Test finished: testTranslationToRus[1](tests.TestTranslationToRus)
--------------------------------------
Test finished: testTranslationToRus[1](tests.TestTranslationToRus)
--------------------------------------
Test finished: testTranslationToRus[1](tests.TestTranslationToRus)
--------------------------------------
Test finished: testTranslationToRus[1](tests.TestTranslationToRus)
--------------------------------------
Test finished: testTranslationToRus[1](tests.TestTranslationToRus)
--------------------------------------
Test finished: testTranslationToRus[1](tests.TestTranslationToRus)
--------------------------------------
Test finished: testTranslationToRus[1](tests.TestTranslationToRus)
--------------------------------------
Test finished: testTranslationToRus[1](tests.TestTranslationToRus)
--------------------------------------
Test finished: testTranslationToRus[1](tests.TestTranslationToRus)
--------------------------------------
Test finished: testTranslationToRus[1](tests.TestTranslationToRus)
--------------------------------------
Test finished: testTranslationToRus[1](tests.TestTranslationToRus)
--------------------------------------
Test starts: testTranslationToRus[2](tests.TestTranslationToRus)
Test starts: testTranslationToRus[2](tests.TestTranslationToRus)
Test starts: testTranslationToRus[2](tests.TestTranslationToRus)
Test starts: testTranslationToRus[2](tests.TestTranslationToRus)
Test starts: testTranslationToRus[2](tests.TestTranslationToRus)
Test starts: testTranslationToRus[2](tests.TestTranslationToRus)
Test starts: testTranslationToRus[2](tests.TestTranslationToRus)
Test starts: testTranslationToRus[2](tests.TestTranslationToRus)
Test starts: testTranslationToRus[2](tests.TestTranslationToRus)
Test starts: testTranslationToRus[2](tests.TestTranslationToRus)
Test starts: testTranslationToRus[2](tests.TestTranslationToRus)
Test starts: testTranslationToRus[2](tests.TestTranslationToRus)
Test starts: testTranslationToRus[2](tests.TestTranslationToRus)
Test starts: testTranslationToRus[2](tests.TestTranslationToRus)
Test starts: testTranslationToRus[2](tests.TestTranslationToRus)
Test starts: testTranslationToRus[2](tests.TestTranslationToRus)
Test finished: testTranslationToRus[2](tests.TestTranslationToRus)
--------------------------------------
Test finished: testTranslationToRus[2](tests.TestTranslationToRus)
--------------------------------------
Test finished: testTranslationToRus[2](tests.TestTranslationToRus)
--------------------------------------
Test finished: testTranslationToRus[2](tests.TestTranslationToRus)
--------------------------------------
Test finished: testTranslationToRus[2](tests.TestTranslationToRus)
--------------------------------------
Test finished: testTranslationToRus[2](tests.TestTranslationToRus)
--------------------------------------
Test finished: testTranslationToRus[2](tests.TestTranslationToRus)
--------------------------------------
Test finished: testTranslationToRus[2](tests.TestTranslationToRus)
--------------------------------------
Test finished: testTranslationToRus[2](tests.TestTranslationToRus)
--------------------------------------
Test finished: testTranslationToRus[2](tests.TestTranslationToRus)
--------------------------------------
Test finished: testTranslationToRus[2](tests.TestTranslationToRus)
--------------------------------------
Test finished: testTranslationToRus[2](tests.TestTranslationToRus)
--------------------------------------
Test finished: testTranslationToRus[2](tests.TestTranslationToRus)
--------------------------------------
Test finished: testTranslationToRus[2](tests.TestTranslationToRus)
--------------------------------------
Test finished: testTranslationToRus[2](tests.TestTranslationToRus)
--------------------------------------
Test finished: testTranslationToRus[2](tests.TestTranslationToRus)
--------------------------------------
Test starts: testTranslationToRus[3](tests.TestTranslationToRus)
Test starts: testTranslationToRus[3](tests.TestTranslationToRus)
Test starts: testTranslationToRus[3](tests.TestTranslationToRus)
Test starts: testTranslationToRus[3](tests.TestTranslationToRus)
Test starts: testTranslationToRus[3](tests.TestTranslationToRus)
Test starts: testTranslationToRus[3](tests.TestTranslationToRus)
Test starts: testTranslationToRus[3](tests.TestTranslationToRus)
Test starts: testTranslationToRus[3](tests.TestTranslationToRus)
Test starts: testTranslationToRus[3](tests.TestTranslationToRus)
Test starts: testTranslationToRus[3](tests.TestTranslationToRus)
Test starts: testTranslationToRus[3](tests.TestTranslationToRus)
Test starts: testTranslationToRus[3](tests.TestTranslationToRus)
Test starts: testTranslationToRus[3](tests.TestTranslationToRus)
Test starts: testTranslationToRus[3](tests.TestTranslationToRus)
Test starts: testTranslationToRus[3](tests.TestTranslationToRus)
Test starts: testTranslationToRus[3](tests.TestTranslationToRus)
Test starts: testTranslationToRus[3](tests.TestTranslationToRus)
Test failed with: org.junit.ComparisonFailure: expected:<Готов[ый]> but was:<Готов[]>
Test failed with: org.junit.ComparisonFailure: expected:<Готов[ый]> but was:<Готов[]>
Test failed with: org.junit.ComparisonFailure: expected:<Готов[ый]> but was:<Готов[]>
Test failed with: org.junit.ComparisonFailure: expected:<Готов[ый]> but was:<Готов[]>
Test failed with: org.junit.ComparisonFailure: expected:<Готов[ый]> but was:<Готов[]>
Test failed with: org.junit.ComparisonFailure: expected:<Готов[ый]> but was:<Готов[]>
Test failed with: org.junit.ComparisonFailure: expected:<Готов[ый]> but was:<Готов[]>
Test failed with: org.junit.ComparisonFailure: expected:<Готов[ый]> but was:<Готов[]>
Test failed with: org.junit.ComparisonFailure: expected:<Готов[ый]> but was:<Готов[]>
Test failed with: org.junit.ComparisonFailure: expected:<Готов[ый]> but was:<Готов[]>
Test failed with: org.junit.ComparisonFailure: expected:<Готов[ый]> but was:<Готов[]>
Test failed with: org.junit.ComparisonFailure: expected:<Готов[ый]> but was:<Готов[]>
Test failed with: org.junit.ComparisonFailure: expected:<Готов[ый]> but was:<Готов[]>
Test failed with: org.junit.ComparisonFailure: expected:<Готов[ый]> but was:<Готов[]>
Test failed with: org.junit.ComparisonFailure: expected:<Готов[ый]> but was:<Готов[]>
Test failed with: org.junit.ComparisonFailure: expected:<Готов[ый]> but was:<Готов[]>
Test failed with: org.junit.ComparisonFailure: expected:<Готов[ый]> but was:<Готов[]>
Test finished: testTranslationToRus[3](tests.TestTranslationToRus)
--------------------------------------
Test finished: testTranslationToRus[3](tests.TestTranslationToRus)
--------------------------------------
Test finished: testTranslationToRus[3](tests.TestTranslationToRus)
--------------------------------------
Test finished: testTranslationToRus[3](tests.TestTranslationToRus)
--------------------------------------
Test finished: testTranslationToRus[3](tests.TestTranslationToRus)
--------------------------------------
Test finished: testTranslationToRus[3](tests.TestTranslationToRus)
--------------------------------------
Test finished: testTranslationToRus[3](tests.TestTranslationToRus)
--------------------------------------
Test finished: testTranslationToRus[3](tests.TestTranslationToRus)
--------------------------------------
Test finished: testTranslationToRus[3](tests.TestTranslationToRus)
--------------------------------------
Test finished: testTranslationToRus[3](tests.TestTranslationToRus)
--------------------------------------
Test finished: testTranslationToRus[3](tests.TestTranslationToRus)
--------------------------------------
Test finished: testTranslationToRus[3](tests.TestTranslationToRus)
--------------------------------------
Test finished: testTranslationToRus[3](tests.TestTranslationToRus)
--------------------------------------
Test finished: testTranslationToRus[3](tests.TestTranslationToRus)
--------------------------------------
Test finished: testTranslationToRus[3](tests.TestTranslationToRus)
--------------------------------------
Test finished: testTranslationToRus[3](tests.TestTranslationToRus)
--------------------------------------
Test finished: testTranslationToRus[3](tests.TestTranslationToRus)
--------------------------------------
Test starts: testTranslationToRus[4](tests.TestTranslationToRus)
Test starts: testTranslationToRus[4](tests.TestTranslationToRus)
Test starts: testTranslationToRus[4](tests.TestTranslationToRus)
Test starts: testTranslationToRus[4](tests.TestTranslationToRus)
Test starts: testTranslationToRus[4](tests.TestTranslationToRus)
Test starts: testTranslationToRus[4](tests.TestTranslationToRus)
Test starts: testTranslationToRus[4](tests.TestTranslationToRus)
Test starts: testTranslationToRus[4](tests.TestTranslationToRus)
Test starts: testTranslationToRus[4](tests.TestTranslationToRus)
Test starts: testTranslationToRus[4](tests.TestTranslationToRus)
Test starts: testTranslationToRus[4](tests.TestTranslationToRus)
Test starts: testTranslationToRus[4](tests.TestTranslationToRus)
Test starts: testTranslationToRus[4](tests.TestTranslationToRus)
Test starts: testTranslationToRus[4](tests.TestTranslationToRus)
Test starts: testTranslationToRus[4](tests.TestTranslationToRus)
Test starts: testTranslationToRus[4](tests.TestTranslationToRus)
Test starts: testTranslationToRus[4](tests.TestTranslationToRus)
Test starts: testTranslationToRus[4](tests.TestTranslationToRus)
Test finished: testTranslationToRus[4](tests.TestTranslationToRus)
--------------------------------------
Test finished: testTranslationToRus[4](tests.TestTranslationToRus)
--------------------------------------
Test finished: testTranslationToRus[4](tests.TestTranslationToRus)
--------------------------------------
Test finished: testTranslationToRus[4](tests.TestTranslationToRus)
--------------------------------------
Test finished: testTranslationToRus[4](tests.TestTranslationToRus)
--------------------------------------
Test finished: testTranslationToRus[4](tests.TestTranslationToRus)
--------------------------------------
Test finished: testTranslationToRus[4](tests.TestTranslationToRus)
--------------------------------------
Test finished: testTranslationToRus[4](tests.TestTranslationToRus)
--------------------------------------
Test finished: testTranslationToRus[4](tests.TestTranslationToRus)
--------------------------------------
Test finished: testTranslationToRus[4](tests.TestTranslationToRus)
--------------------------------------
Test finished: testTranslationToRus[4](tests.TestTranslationToRus)
--------------------------------------
Test finished: testTranslationToRus[4](tests.TestTranslationToRus)
--------------------------------------
Test finished: testTranslationToRus[4](tests.TestTranslationToRus)
--------------------------------------
Test finished: testTranslationToRus[4](tests.TestTranslationToRus)
--------------------------------------
Test finished: testTranslationToRus[4](tests.TestTranslationToRus)
--------------------------------------
Test finished: testTranslationToRus[4](tests.TestTranslationToRus)
--------------------------------------
Test finished: testTranslationToRus[4](tests.TestTranslationToRus)
--------------------------------------
Test finished: testTranslationToRus[4](tests.TestTranslationToRus)
--------------------------------------
Test starts: clearButtonTest(tests.ToolsButtonsTest)
Test starts: clearButtonTest(tests.ToolsButtonsTest)
Test starts: clearButtonTest(tests.ToolsButtonsTest)
Test starts: clearButtonTest(tests.ToolsButtonsTest)
Test starts: clearButtonTest(tests.ToolsButtonsTest)
Test starts: clearButtonTest(tests.ToolsButtonsTest)
Test starts: clearButtonTest(tests.ToolsButtonsTest)
Test starts: clearButtonTest(tests.ToolsButtonsTest)
Test starts: clearButtonTest(tests.ToolsButtonsTest)
Test starts: clearButtonTest(tests.ToolsButtonsTest)
Test starts: clearButtonTest(tests.ToolsButtonsTest)
Test starts: clearButtonTest(tests.ToolsButtonsTest)
Test starts: clearButtonTest(tests.ToolsButtonsTest)
Test starts: clearButtonTest(tests.ToolsButtonsTest)
Test starts: clearButtonTest(tests.ToolsButtonsTest)
Test starts: clearButtonTest(tests.ToolsButtonsTest)
Test starts: clearButtonTest(tests.ToolsButtonsTest)
Test starts: clearButtonTest(tests.ToolsButtonsTest)
Test starts: clearButtonTest(tests.ToolsButtonsTest)
Test finished: clearButtonTest(tests.ToolsButtonsTest)
--------------------------------------
Test finished: clearButtonTest(tests.ToolsButtonsTest)
--------------------------------------
Test finished: clearButtonTest(tests.ToolsButtonsTest)
--------------------------------------
Test finished: clearButtonTest(tests.ToolsButtonsTest)
--------------------------------------
Test finished: clearButtonTest(tests.ToolsButtonsTest)
--------------------------------------
Test finished: clearButtonTest(tests.ToolsButtonsTest)
--------------------------------------
Test finished: clearButtonTest(tests.ToolsButtonsTest)
--------------------------------------
Test finished: clearButtonTest(tests.ToolsButtonsTest)
--------------------------------------
Test finished: clearButtonTest(tests.ToolsButtonsTest)
--------------------------------------
Test finished: clearButtonTest(tests.ToolsButtonsTest)
--------------------------------------
Test finished: clearButtonTest(tests.ToolsButtonsTest)
--------------------------------------
Test finished: clearButtonTest(tests.ToolsButtonsTest)
--------------------------------------
Test finished: clearButtonTest(tests.ToolsButtonsTest)
--------------------------------------
Test finished: clearButtonTest(tests.ToolsButtonsTest)
--------------------------------------
Test finished: clearButtonTest(tests.ToolsButtonsTest)
--------------------------------------
Test finished: clearButtonTest(tests.ToolsButtonsTest)
--------------------------------------
Test finished: clearButtonTest(tests.ToolsButtonsTest)
--------------------------------------
Test finished: clearButtonTest(tests.ToolsButtonsTest)
--------------------------------------
Test finished: clearButtonTest(tests.ToolsButtonsTest)
--------------------------------------
Test starts: spellerButtonTest(tests.ToolsButtonsTest)
Test starts: spellerButtonTest(tests.ToolsButtonsTest)
Test starts: spellerButtonTest(tests.ToolsButtonsTest)
Test starts: spellerButtonTest(tests.ToolsButtonsTest)
Test starts: spellerButtonTest(tests.ToolsButtonsTest)
Test starts: spellerButtonTest(tests.ToolsButtonsTest)
Test starts: spellerButtonTest(tests.ToolsButtonsTest)
Test starts: spellerButtonTest(tests.ToolsButtonsTest)
Test starts: spellerButtonTest(tests.ToolsButtonsTest)
Test starts: spellerButtonTest(tests.ToolsButtonsTest)
Test starts: spellerButtonTest(tests.ToolsButtonsTest)
Test starts: spellerButtonTest(tests.ToolsButtonsTest)
Test starts: spellerButtonTest(tests.ToolsButtonsTest)
Test starts: spellerButtonTest(tests.ToolsButtonsTest)
Test starts: spellerButtonTest(tests.ToolsButtonsTest)
Test starts: spellerButtonTest(tests.ToolsButtonsTest)
Test starts: spellerButtonTest(tests.ToolsButtonsTest)
Test starts: spellerButtonTest(tests.ToolsButtonsTest)
Test starts: spellerButtonTest(tests.ToolsButtonsTest)
Test failed with: java.lang.AssertionError
Test failed with: java.lang.AssertionError
Test failed with: java.lang.AssertionError
Test failed with: java.lang.AssertionError
Test failed with: java.lang.AssertionError
Test failed with: java.lang.AssertionError
Test failed with: java.lang.AssertionError
Test failed with: java.lang.AssertionError
Test failed with: java.lang.AssertionError
Test failed with: java.lang.AssertionError
Test failed with: java.lang.AssertionError
Test failed with: java.lang.AssertionError
Test failed with: java.lang.AssertionError
Test failed with: java.lang.AssertionError
Test failed with: java.lang.AssertionError
Test failed with: java.lang.AssertionError
Test failed with: java.lang.AssertionError
Test failed with: java.lang.AssertionError
Test failed with: java.lang.AssertionError
Test finished: spellerButtonTest(tests.ToolsButtonsTest)
--------------------------------------
Test finished: spellerButtonTest(tests.ToolsButtonsTest)
--------------------------------------
Test finished: spellerButtonTest(tests.ToolsButtonsTest)
--------------------------------------
Test finished: spellerButtonTest(tests.ToolsButtonsTest)
--------------------------------------
Test finished: spellerButtonTest(tests.ToolsButtonsTest)
--------------------------------------
Test finished: spellerButtonTest(tests.ToolsButtonsTest)
--------------------------------------
Test finished: spellerButtonTest(tests.ToolsButtonsTest)
--------------------------------------
Test finished: spellerButtonTest(tests.ToolsButtonsTest)
--------------------------------------
Test finished: spellerButtonTest(tests.ToolsButtonsTest)
--------------------------------------
Test finished: spellerButtonTest(tests.ToolsButtonsTest)
--------------------------------------
Test finished: spellerButtonTest(tests.ToolsButtonsTest)
--------------------------------------
Test finished: spellerButtonTest(tests.ToolsButtonsTest)
--------------------------------------
Test finished: spellerButtonTest(tests.ToolsButtonsTest)
--------------------------------------
Test finished: spellerButtonTest(tests.ToolsButtonsTest)
--------------------------------------
Test finished: spellerButtonTest(tests.ToolsButtonsTest)
--------------------------------------
Test finished: spellerButtonTest(tests.ToolsButtonsTest)
--------------------------------------
Test finished: spellerButtonTest(tests.ToolsButtonsTest)
--------------------------------------
Test finished: spellerButtonTest(tests.ToolsButtonsTest)
--------------------------------------
Test finished: spellerButtonTest(tests.ToolsButtonsTest)
--------------------------------------
Test starts: shareButtonTest(tests.ToolsButtonsTest)
Test starts: shareButtonTest(tests.ToolsButtonsTest)
Test starts: shareButtonTest(tests.ToolsButtonsTest)
Test starts: shareButtonTest(tests.ToolsButtonsTest)
Test starts: shareButtonTest(tests.ToolsButtonsTest)
Test starts: shareButtonTest(tests.ToolsButtonsTest)
Test starts: shareButtonTest(tests.ToolsButtonsTest)
Test starts: shareButtonTest(tests.ToolsButtonsTest)
Test starts: shareButtonTest(tests.ToolsButtonsTest)
Test starts: shareButtonTest(tests.ToolsButtonsTest)
Test starts: shareButtonTest(tests.ToolsButtonsTest)
Test starts: shareButtonTest(tests.ToolsButtonsTest)
Test starts: shareButtonTest(tests.ToolsButtonsTest)
Test starts: shareButtonTest(tests.ToolsButtonsTest)
Test starts: shareButtonTest(tests.ToolsButtonsTest)
Test starts: shareButtonTest(tests.ToolsButtonsTest)
Test starts: shareButtonTest(tests.ToolsButtonsTest)
Test starts: shareButtonTest(tests.ToolsButtonsTest)
Test starts: shareButtonTest(tests.ToolsButtonsTest)
Test finished: shareButtonTest(tests.ToolsButtonsTest)
--------------------------------------
Test finished: shareButtonTest(tests.ToolsButtonsTest)
--------------------------------------
Test finished: shareButtonTest(tests.ToolsButtonsTest)
--------------------------------------
Test finished: shareButtonTest(tests.ToolsButtonsTest)
--------------------------------------
Test finished: shareButtonTest(tests.ToolsButtonsTest)
--------------------------------------
Test finished: shareButtonTest(tests.ToolsButtonsTest)
--------------------------------------
Test finished: shareButtonTest(tests.ToolsButtonsTest)
--------------------------------------
Test finished: shareButtonTest(tests.ToolsButtonsTest)
--------------------------------------
Test finished: shareButtonTest(tests.ToolsButtonsTest)
--------------------------------------
Test finished: shareButtonTest(tests.ToolsButtonsTest)
--------------------------------------
Test finished: shareButtonTest(tests.ToolsButtonsTest)
--------------------------------------
Test finished: shareButtonTest(tests.ToolsButtonsTest)
--------------------------------------
Test finished: shareButtonTest(tests.ToolsButtonsTest)
--------------------------------------
Test finished: shareButtonTest(tests.ToolsButtonsTest)
--------------------------------------
Test finished: shareButtonTest(tests.ToolsButtonsTest)
--------------------------------------
Test finished: shareButtonTest(tests.ToolsButtonsTest)
--------------------------------------
Test finished: shareButtonTest(tests.ToolsButtonsTest)
--------------------------------------
Test finished: shareButtonTest(tests.ToolsButtonsTest)
--------------------------------------
Test finished: shareButtonTest(tests.ToolsButtonsTest)
--------------------------------------
Test starts: langHistoryBoxTest(tests.ToolsButtonsTest)
Test starts: langHistoryBoxTest(tests.ToolsButtonsTest)
Test starts: langHistoryBoxTest(tests.ToolsButtonsTest)
Test starts: langHistoryBoxTest(tests.ToolsButtonsTest)
Test starts: langHistoryBoxTest(tests.ToolsButtonsTest)
Test starts: langHistoryBoxTest(tests.ToolsButtonsTest)
Test starts: langHistoryBoxTest(tests.ToolsButtonsTest)
Test starts: langHistoryBoxTest(tests.ToolsButtonsTest)
Test starts: langHistoryBoxTest(tests.ToolsButtonsTest)
Test starts: langHistoryBoxTest(tests.ToolsButtonsTest)
Test starts: langHistoryBoxTest(tests.ToolsButtonsTest)
Test starts: langHistoryBoxTest(tests.ToolsButtonsTest)
Test starts: langHistoryBoxTest(tests.ToolsButtonsTest)
Test starts: langHistoryBoxTest(tests.ToolsButtonsTest)
Test starts: langHistoryBoxTest(tests.ToolsButtonsTest)
Test starts: langHistoryBoxTest(tests.ToolsButtonsTest)
Test starts: langHistoryBoxTest(tests.ToolsButtonsTest)
Test starts: langHistoryBoxTest(tests.ToolsButtonsTest)
Test starts: langHistoryBoxTest(tests.ToolsButtonsTest)
Test failed with: java.util.NoSuchElementException: No value present
Test failed with: java.util.NoSuchElementException: No value present
Test failed with: java.util.NoSuchElementException: No value present
Test failed with: java.util.NoSuchElementException: No value present
Test failed with: java.util.NoSuchElementException: No value present
Test failed with: java.util.NoSuchElementException: No value present
Test failed with: java.util.NoSuchElementException: No value present
Test failed with: java.util.NoSuchElementException: No value present
Test failed with: java.util.NoSuchElementException: No value present
Test failed with: java.util.NoSuchElementException: No value present
Test failed with: java.util.NoSuchElementException: No value present
Test failed with: java.util.NoSuchElementException: No value present
Test failed with: java.util.NoSuchElementException: No value present
Test failed with: java.util.NoSuchElementException: No value present
Test failed with: java.util.NoSuchElementException: No value present
Test failed with: java.util.NoSuchElementException: No value present
Test failed with: java.util.NoSuchElementException: No value present
Test failed with: java.util.NoSuchElementException: No value present
Test failed with: java.util.NoSuchElementException: No value present
Test finished: langHistoryBoxTest(tests.ToolsButtonsTest)
--------------------------------------
Test finished: langHistoryBoxTest(tests.ToolsButtonsTest)
--------------------------------------
Test finished: langHistoryBoxTest(tests.ToolsButtonsTest)
--------------------------------------
Test finished: langHistoryBoxTest(tests.ToolsButtonsTest)
--------------------------------------
Test finished: langHistoryBoxTest(tests.ToolsButtonsTest)
--------------------------------------
Test finished: langHistoryBoxTest(tests.ToolsButtonsTest)
--------------------------------------
Test finished: langHistoryBoxTest(tests.ToolsButtonsTest)
--------------------------------------
Test finished: langHistoryBoxTest(tests.ToolsButtonsTest)
--------------------------------------
Test finished: langHistoryBoxTest(tests.ToolsButtonsTest)
--------------------------------------
Test finished: langHistoryBoxTest(tests.ToolsButtonsTest)
--------------------------------------
Test finished: langHistoryBoxTest(tests.ToolsButtonsTest)
--------------------------------------
Test finished: langHistoryBoxTest(tests.ToolsButtonsTest)
--------------------------------------
Test finished: langHistoryBoxTest(tests.ToolsButtonsTest)
--------------------------------------
Test finished: langHistoryBoxTest(tests.ToolsButtonsTest)
--------------------------------------
Test finished: langHistoryBoxTest(tests.ToolsButtonsTest)
--------------------------------------
Test finished: langHistoryBoxTest(tests.ToolsButtonsTest)
--------------------------------------
Test finished: langHistoryBoxTest(tests.ToolsButtonsTest)
--------------------------------------
Test finished: langHistoryBoxTest(tests.ToolsButtonsTest)
--------------------------------------
Test finished: langHistoryBoxTest(tests.ToolsButtonsTest)
--------------------------------------
Result of the test run:
Run time: 234482 ms
Run count: 35
Failure count: 49
Ignored count: 0
Result of the test run:
Run time: 234482 ms
Run count: 35
Failure count: 49
Ignored count: 0
Result of the test run:
Run time: 234482 ms
Run count: 35
Failure count: 49
Ignored count: 0
Result of the test run:
Run time: 234482 ms
Run count: 35
Failure count: 49
Ignored count: 0
Result of the test run:
Run time: 234482 ms
Run count: 35
Failure count: 49
Ignored count: 0
Result of the test run:
Run time: 234482 ms
Run count: 35
Failure count: 49
Ignored count: 0
Result of the test run:
Run time: 234482 ms
Run count: 35
Failure count: 49
Ignored count: 0
Result of the test run:
Run time: 234482 ms
Run count: 35
Failure count: 49
Ignored count: 0
Result of the test run:
Run time: 234482 ms
Run count: 35
Failure count: 49
Ignored count: 0
Result of the test run:
Run time: 234482 ms
Run count: 35
Failure count: 49
Ignored count: 0
Result of the test run:
Run time: 234482 ms
Run count: 35
Failure count: 49
Ignored count: 0
Result of the test run:
Run time: 234482 ms
Run count: 35
Failure count: 49
Ignored count: 0
Result of the test run:
Run time: 234482 ms
Run count: 35
Failure count: 49
Ignored count: 0
Result of the test run:
Run time: 234482 ms
Run count: 35
Failure count: 49
Ignored count: 0
Result of the test run:
Run time: 234482 ms
Run count: 35
Failure count: 49
Ignored count: 0
Result of the test run:
Run time: 234482 ms
Run count: 35
Failure count: 49
Ignored count: 0
Result of the test run:
Run time: 234482 ms
Run count: 35
Failure count: 49
Ignored count: 0
Result of the test run:
Run time: 234482 ms
Run count: 35
Failure count: 49
Ignored count: 0
Result of the test run:
Run time: 234482 ms
Run count: 35
Failure count: 49
Ignored count: 0

Run time: 234482 ms
Run count: 35
Failure count: 49
Ignored count: 0

Run time: 234482 ms
Run count: 35
Failure count: 49
Ignored count: 0

Run time: 234482 ms
Run count: 35
Failure count: 49
Ignored count: 0

Run time: 234482 ms
Run count: 35
Failure count: 49
Ignored count: 0

Run time: 234482 ms
Run count: 35
Failure count: 49
Ignored count: 0

Run time: 234482 ms
Run count: 35
Failure count: 49
Ignored count: 0

Run time: 234482 ms
Run count: 35
Failure count: 49
Ignored count: 0

Run time: 234482 ms
Run count: 35
Failure count: 49
Ignored count: 0

Run time: 234482 ms
Run count: 35
Failure count: 49
Ignored count: 0

Run time: 234482 ms
Run count: 35
Failure count: 49
Ignored count: 0

Run time: 234482 ms
Run count: 35
Failure count: 49
Ignored count: 0

Run time: 234482 ms
Run count: 35
Failure count: 49
Ignored count: 0
