-------------------------------------------------------------------------------
Test set: tests.ImageTranslationTest
-------------------------------------------------------------------------------
Tests run: 6, Failures: 0, Errors: 6, Skipped: 0, Time elapsed: 0.46 s <<< FAILURE! - in tests.ImageTranslationTest
imageClearTest(tests.ImageTranslationTest)  Time elapsed: 0.015 s  <<< ERROR!
java.lang.NullPointerException

imageClearTest(tests.ImageTranslationTest)  Time elapsed: 0.018 s  <<< ERROR!
java.lang.NullPointerException

imageClearTest(tests.ImageTranslationTest)  Time elapsed: 0.024 s  <<< ERROR!
java.lang.NullPointerException

imageTranslationTest(tests.ImageTranslationTest)  Time elapsed: 0.015 s  <<< ERROR!
java.lang.NullPointerException

imageTranslationTest(tests.ImageTranslationTest)  Time elapsed: 0.054 s  <<< ERROR!
java.lang.NullPointerException

imageTranslationTest(tests.ImageTranslationTest)  Time elapsed: 0.19 s  <<< ERROR!
java.lang.NullPointerException

