-------------------------------------------------------------------------------
Test set: tests.BaseTest
-------------------------------------------------------------------------------
Tests run: 1, Failures: 0, Errors: 1, Skipped: 0, Time elapsed: 0.327 s <<< FAILURE! - in tests.BaseTest
initializationError(tests.BaseTest)  Time elapsed: 0.15 s  <<< ERROR!
java.lang.Exception: No runnable methods

