<?xml version="1.0" encoding="UTF-8"?>
<testsuite xmlns:xsi="http://www.w3.org/2001/XMLSchema-instance" xsi:noNamespaceSchemaLocation="https://maven.apache.org/surefire/maven-surefire-plugin/xsd/surefire-test-report.xsd" name="tests.SiteTranslationTest" time="15.128" tests="1" errors="1" skipped="0" failures="0">
  <properties>
[...]
</properties>
  <testcase name="testUrlTranslate" classname="tests.SiteTranslationTest" time="14.962">
    <error message="Expected condition failed: waiting for text (&apos;100%&apos;) to be present in element found by By.id: progress (tried for 10 second(s) with 500 milliseconds interval)&#10;Build info: version: &apos;3.12.0&apos;, revision: &apos;7c6e0b3&apos;, time: &apos;2018-05-08T14:04:26.12Z&apos;&#10;System info: host: &apos;BONDARENKO&apos;, ip: &apos;172.20.1.75&apos;, os.name: &apos;Windows 7&apos;, os.arch: &apos;amd64&apos;, os.version: &apos;6.1&apos;, java.version: &apos;1.8.0_172&apos;&#10;Driver info: org.openqa.selenium.chrome.ChromeDriver&#10;Capabilities {acceptInsecureCerts: false, acceptSslCerts: false, applicationCacheEnabled: false, browserConnectionEnabled: false, browserName: chrome, chrome: {chromedriverVersion: 2.37.544315 (730aa6a5fdba15..., userDataDir: C:\Users\BONDAR~1\AppData\L...}, cssSelectorsEnabled: true, databaseEnabled: false, handlesAlerts: true, hasTouchScreen: false, javascriptEnabled: true, locationContextEnabled: true, mobileEmulationEnabled: false, nativeEvents: true, networkConnectionEnabled: false, pageLoadStrategy: normal, platform: XP, platformName: XP, rotatable: false, setWindowRect: true, takesHeapSnapshot: true, takesScreenshot: true, unexpectedAlertBehaviour: , unhandledPromptBehavior: , version: 69.0.3497.100, webStorageEnabled: true}&#10;Session ID: fbc0c60d219bde59722bd3eeac9558fc" type="org.openqa.selenium.TimeoutException">org.openqa.selenium.TimeoutException: 
Expected condition failed: waiting for text ('100%') to be present in element found by By.id: progress (tried for 10 second(s) with 500 milliseconds interval)
Build info: version: '3.12.0', revision: '7c6e0b3', time: '2018-05-08T14:04:26.12Z'
System info: host: 'BONDARENKO', ip: '172.20.1.75', os.name: 'Windows 7', os.arch: 'amd64', os.version: '6.1', java.version: '1.8.0_172'
Driver info: org.openqa.selenium.chrome.ChromeDriver
Capabilities {acceptInsecureCerts: false, acceptSslCerts: false, applicationCacheEnabled: false, browserConnectionEnabled: false, browserName: chrome, chrome: {chromedriverVersion: 2.37.544315 (730aa6a5fdba15..., userDataDir: C:\Users\BONDAR~1\AppData\L...}, cssSelectorsEnabled: true, databaseEnabled: false, handlesAlerts: true, hasTouchScreen: false, javascriptEnabled: true, locationContextEnabled: true, mobileEmulationEnabled: false, nativeEvents: true, networkConnectionEnabled: false, pageLoadStrategy: normal, platform: XP, platformName: XP, rotatable: false, setWindowRect: true, takesHeapSnapshot: true, takesScreenshot: true, unexpectedAlertBehaviour: , unhandledPromptBehavior: , version: 69.0.3497.100, webStorageEnabled: true}
Session ID: fbc0c60d219bde59722bd3eeac9558fc
	at tests.SiteTranslationTest.testUrlTranslate(SiteTranslationTest.java:25)
</error>
    <system-out><![CDATA[2018-10-02 17:45:31 INFO  WebDriverListener:43 - Test starts: testUrlTranslate(tests.SiteTranslationTest)
2018-10-02 17:45:31 INFO  WebDriverListener:43 - Test starts: testUrlTranslate(tests.SiteTranslationTest)
2018-10-02 17:45:31 INFO  WebDriverListener:43 - Test starts: testUrlTranslate(tests.SiteTranslationTest)
2018-10-02 17:45:31 INFO  WebDriverListener:43 - Test starts: testUrlTranslate(tests.SiteTranslationTest)
2018-10-02 17:45:31 INFO  WebDriverListener:43 - Test starts: testUrlTranslate(tests.SiteTranslationTest)
]]></system-out>
    <system-err><![CDATA[Starting ChromeDriver 2.37.544315 (730aa6a5fdba159ac9f4c1e8cbc59bf1b5ce12b7) on port 47552
Only local connections are allowed.
окт 02, 2018 5:45:33 PM org.openqa.selenium.remote.ProtocolHandshake createSession
INFO: Detected dialect: OSS
]]></system-err>
  </testcase>
</testsuite>