-------------------------------------------------------------------------------
Test set: tests.MainMenuTest
-------------------------------------------------------------------------------
Tests run: 36, Failures: 0, Errors: 36, Skipped: 0, Time elapsed: 0.487 s <<< FAILURE! - in tests.MainMenuTest
clickOnMenuToImages(tests.MainMenuTest)  Time elapsed: 0.048 s  <<< ERROR!
java.lang.NullPointerException

clickOnMenuToImages(tests.MainMenuTest)  Time elapsed: 0.061 s  <<< ERROR!
java.lang.NullPointerException

clickOnMenuToImages(tests.MainMenuTest)  Time elapsed: 0.121 s  <<< ERROR!
java.lang.NullPointerException

clickOnMenuToMarket(tests.MainMenuTest)  Time elapsed: 0.004 s  <<< ERROR!
java.lang.NullPointerException

clickOnMenuToMarket(tests.MainMenuTest)  Time elapsed: 0.009 s  <<< ERROR!
java.lang.NullPointerException

clickOnMenuToMarket(tests.MainMenuTest)  Time elapsed: 0.014 s  <<< ERROR!
java.lang.NullPointerException

clickOnMenuToDisk(tests.MainMenuTest)  Time elapsed: 0.013 s  <<< ERROR!
java.lang.NullPointerException

clickOnMenuToDisk(tests.MainMenuTest)  Time elapsed: 0.026 s  <<< ERROR!
java.lang.NullPointerException

clickOnMenuToDisk(tests.MainMenuTest)  Time elapsed: 0.03 s  <<< ERROR!
java.lang.NullPointerException

clickOnMenuToMail(tests.MainMenuTest)  Time elapsed: 0.004 s  <<< ERROR!
java.lang.NullPointerException

clickOnMenuToMail(tests.MainMenuTest)  Time elapsed: 0.008 s  <<< ERROR!
java.lang.NullPointerException

clickOnMenuToMail(tests.MainMenuTest)  Time elapsed: 0.011 s  <<< ERROR!
java.lang.NullPointerException

clickOnMenuToMaps(tests.MainMenuTest)  Time elapsed: 0.021 s  <<< ERROR!
java.lang.NullPointerException

clickOnMenuToMaps(tests.MainMenuTest)  Time elapsed: 0.029 s  <<< ERROR!
java.lang.NullPointerException

clickOnMenuToMaps(tests.MainMenuTest)  Time elapsed: 0.032 s  <<< ERROR!
java.lang.NullPointerException

clickOnMenuToNews(tests.MainMenuTest)  Time elapsed: 0.006 s  <<< ERROR!
java.lang.NullPointerException

clickOnMenuToNews(tests.MainMenuTest)  Time elapsed: 0.01 s  <<< ERROR!
java.lang.NullPointerException

clickOnMenuToNews(tests.MainMenuTest)  Time elapsed: 0.013 s  <<< ERROR!
java.lang.NullPointerException

clickOnMenuToWeather(tests.MainMenuTest)  Time elapsed: 0.004 s  <<< ERROR!
java.lang.NullPointerException

clickOnMenuToWeather(tests.MainMenuTest)  Time elapsed: 0.007 s  <<< ERROR!
java.lang.NullPointerException

clickOnMenuToWeather(tests.MainMenuTest)  Time elapsed: 0.011 s  <<< ERROR!
java.lang.NullPointerException

clickOnMenuToTV(tests.MainMenuTest)  Time elapsed: 0.003 s  <<< ERROR!
java.lang.NullPointerException

clickOnMenuToTV(tests.MainMenuTest)  Time elapsed: 0.007 s  <<< ERROR!
java.lang.NullPointerException

clickOnMenuToTV(tests.MainMenuTest)  Time elapsed: 0.01 s  <<< ERROR!
java.lang.NullPointerException

clickOnMenuToMoney(tests.MainMenuTest)  Time elapsed: 0.004 s  <<< ERROR!
java.lang.NullPointerException

clickOnMenuToMoney(tests.MainMenuTest)  Time elapsed: 0.007 s  <<< ERROR!
java.lang.NullPointerException

clickOnMenuToMoney(tests.MainMenuTest)  Time elapsed: 0.01 s  <<< ERROR!
java.lang.NullPointerException

clickOnMenuToMusic(tests.MainMenuTest)  Time elapsed: 0.004 s  <<< ERROR!
java.lang.NullPointerException

clickOnMenuToMusic(tests.MainMenuTest)  Time elapsed: 0.008 s  <<< ERROR!
java.lang.NullPointerException

clickOnMenuToMusic(tests.MainMenuTest)  Time elapsed: 0.012 s  <<< ERROR!
java.lang.NullPointerException

clickOnMenuToVideo(tests.MainMenuTest)  Time elapsed: 0.011 s  <<< ERROR!
java.lang.NullPointerException

clickOnMenuToVideo(tests.MainMenuTest)  Time elapsed: 0.015 s  <<< ERROR!
java.lang.NullPointerException

clickOnMenuToVideo(tests.MainMenuTest)  Time elapsed: 0.018 s  <<< ERROR!
java.lang.NullPointerException

clickOnMenuToTranslate(tests.MainMenuTest)  Time elapsed: 0.003 s  <<< ERROR!
java.lang.NullPointerException

clickOnMenuToTranslate(tests.MainMenuTest)  Time elapsed: 0.006 s  <<< ERROR!
java.lang.NullPointerException

clickOnMenuToTranslate(tests.MainMenuTest)  Time elapsed: 0.009 s  <<< ERROR!
java.lang.NullPointerException

